###########################
#      ROBOT_OBS        #
###########################
INICIO ROBOT_OBS

###########################
#      CI y QUERY        #
###########################
10904691 and EXECUTE SP_SELECT_COMPARAR_ASFI_INFOCRED_v2 @CI=10904691, @TIKET1 = 462624, @TIKET2 = 495329

###########################
#      Data1 Comparar    #
###########################
[{'CI': '10904691', 'TIKET': '462624', 'ASFI_PERIODO': 'agosto-2023', 'ASFI_DEUDA_SALDO': '44350.07', 'ASFI_CANT_DD': '3', 'ASFI_CANT_CAL_DIST': '0', 'INFOCRED_ULT_F_ACT': ' 31/08/2023', 'INFOCRED_SALDO_Y_CONT': '44350.0', 'INFOCRED_CANT_ESTADO': '0', 'INFOCRED_CANT_C_REHAB': '0', 'INFOCRED_CANT_D_CC_AFP_SAFIS': '0'}, {'CI': '10904691', 'TIKET': '495329', 'ASFI_PERIODO': 'agosto-2023', 'ASFI_DEUDA_SALDO': '44350.07', 'ASFI_CANT_DD': '3', 'ASFI_CANT_CAL_DIST': '0', 'INFOCRED_ULT_F_ACT': ' 31/08/2023', 'INFOCRED_SALDO_Y_CONT': '44350.0', 'INFOCRED_CANT_ESTADO': '0', 'INFOCRED_CANT_C_REHAB': '0', 'INFOCRED_CANT_D_CC_AFP_SAFIS': '0'}]

###########################
#      Observados        #
###########################
False

###########################
#      ROBOT_OBS        #
###########################
INICIO ROBOT_OBS

###########################
#      CI y QUERY        #
###########################
2277580 and EXECUTE SP_SELECT_COMPARAR_ASFI_INFOCRED_v2 @CI=2277580, @TIKET1 = 462624, @TIKET2 = 495329

###########################
#      Data1 Comparar    #
###########################
[{'CI': '2277580', 'TIKET': '462624', 'ASFI_PERIODO': 'agosto-2023', 'ASFI_DEUDA_SALDO': '134531.43', 'ASFI_CANT_DD': '2', 'ASFI_CANT_CAL_DIST': '0', 'INFOCRED_ULT_F_ACT': ' 31/08/2023', 'INFOCRED_SALDO_Y_CONT': '134531.0', 'INFOCRED_CANT_ESTADO': '0', 'INFOCRED_CANT_C_REHAB': '0', 'INFOCRED_CANT_D_CC_AFP_SAFIS': '0'}, {'CI': '2277580', 'TIKET': '495329', 'ASFI_PERIODO': 'agosto-2023', 'ASFI_DEUDA_SALDO': '134531.43', 'ASFI_CANT_DD': '2', 'ASFI_CANT_CAL_DIST': '0', 'INFOCRED_ULT_F_ACT': ' 31/08/2023', 'INFOCRED_SALDO_Y_CONT': '134531.0', 'INFOCRED_CANT_ESTADO': '0', 'INFOCRED_CANT_C_REHAB': '0', 'INFOCRED_CANT_D_CC_AFP_SAFIS': '0'}]

###########################
#      Observados        #
###########################
False

###########################
#      ROBOT_OBS        #
###########################
INICIO ROBOT_OBS

###########################
#      CI y QUERY        #
###########################
7096072 and EXECUTE SP_SELECT_COMPARAR_ASFI_INFOCRED_v2 @CI=7096072, @TIKET1 = 462624, @TIKET2 = 495329

###########################
#      Data1 Comparar    #
###########################
[{'CI': '7096072', 'TIKET': '462624', 'ASFI_PERIODO': 'agosto-2023', 'ASFI_DEUDA_SALDO': '44350.07', 'ASFI_CANT_DD': '3', 'ASFI_CANT_CAL_DIST': '1', 'INFOCRED_ULT_F_ACT': ' 31/08/2023', 'INFOCRED_SALDO_Y_CONT': '44350.0', 'INFOCRED_CANT_ESTADO': '0', 'INFOCRED_CANT_C_REHAB': '0', 'INFOCRED_CANT_D_CC_AFP_SAFIS': '0'}, {'CI': '7096072', 'TIKET': '495329', 'ASFI_PERIODO': 'agosto-2023', 'ASFI_DEUDA_SALDO': '44350.07', 'ASFI_CANT_DD': '3', 'ASFI_CANT_CAL_DIST': '1', 'INFOCRED_ULT_F_ACT': ' 31/08/2023', 'INFOCRED_SALDO_Y_CONT': '44350.0', 'INFOCRED_CANT_ESTADO': '0', 'INFOCRED_CANT_C_REHAB': '0', 'INFOCRED_CANT_D_CC_AFP_SAFIS': '0'}]

###########################
#      Observados        #
###########################
True

###########################
#  ROBOT unionPDF         #
###########################
INICIO ROBOT unionPDF

#########################################
#  CPT y ticket_ant: 462624-462624-495329 #
#########################################
[{'CI': '7096072', 'TIKET': '462624', 'ASFI_PERIODO': 'agosto-2023', 'ASFI_DEUDA_SALDO': '44350.07', 'ASFI_CANT_DD': '3', 'ASFI_CANT_CAL_DIST': '1', 'INFOCRED_ULT_F_ACT': ' 31/08/2023', 'INFOCRED_SALDO_Y_CONT': '44350.0', 'INFOCRED_CANT_ESTADO': '0', 'INFOCRED_CANT_C_REHAB': '0', 'INFOCRED_CANT_D_CC_AFP_SAFIS': '0'}, {'CI': '7096072', 'TIKET': '495329', 'ASFI_PERIODO': 'agosto-2023', 'ASFI_DEUDA_SALDO': '44350.07', 'ASFI_CANT_DD': '3', 'ASFI_CANT_CAL_DIST': '1', 'INFOCRED_ULT_F_ACT': ' 31/08/2023', 'INFOCRED_SALDO_Y_CONT': '44350.0', 'INFOCRED_CANT_ESTADO': '0', 'INFOCRED_CANT_C_REHAB': '0', 'INFOCRED_CANT_D_CC_AFP_SAFIS': '0'}]

###########################
#  Datos PDF CON: 462624   #
###########################
[{'CI': '2277580', 'TIPO': 'PARTICIPANTE', 'monto_buro': 'NO'}, {'CI': '7096072', 'TIPO': 'PARTICIPANTE', 'monto_buro': 'NO'}, {'CI': '10904691', 'TIPO': 'TITULAR', 'monto_buro': 'NO'}]

###########################
#      Para Correo 1      #
###########################
halcon@bancoecofuturo.com.bo

###########################
#      Para Correo        #
###########################
morodriguez@bancoecofuturo.com.bo

###########################
#      Data Plan          #
###########################
[{'PLAN_DE_PAGOS': ''}]

###########################
#      Data D             #
###########################
[{'RES_BUROS': 'FALLIDO', 'RES_PCCU': 'ACEPTADO', 'NPRESTAMO': '2297906', 'COMPARA_CI': 'None', 'RETENCIONES': 'None'}]


