###########################
#      ROBOT_OBS        #
###########################
INICIO ROBOT_OBS

###########################
#      CI y QUERY        #
###########################
4589822 and EXECUTE SP_SELECT_COMPARAR_ASFI_INFOCRED_v2 @CI=4589822, @TIKET1 = 458888, @TIKET2 = 460631

###########################
#      Data1 Comparar    #
###########################
[{'CI': '4589822', 'TIKET': '458888', 'ASFI_PERIODO': 'julio-2023', 'ASFI_DEUDA_SALDO': '0.0', 'ASFI_CANT_DD': '0', 'ASFI_CANT_CAL_DIST': '0', 'INFOCRED_ULT_F_ACT': ' 31/07/2023', 'INFOCRED_SALDO_Y_CONT': '0.0', 'INFOCRED_CANT_ESTADO': '0', 'INFOCRED_CANT_C_REHAB': '0', 'INFOCRED_CANT_D_CC_AFP_SAFIS': '0'}, {'CI': '4589822', 'TIKET': '460631', 'ASFI_PERIODO': 'agosto-2023', 'ASFI_DEUDA_SALDO': '0.0', 'ASFI_CANT_DD': '0', 'ASFI_CANT_CAL_DIST': '0', 'INFOCRED_ULT_F_ACT': ' 31/08/2023', 'INFOCRED_SALDO_Y_CONT': '0.0', 'INFOCRED_CANT_ESTADO': '0', 'INFOCRED_CANT_C_REHAB': '0', 'INFOCRED_CANT_D_CC_AFP_SAFIS': '0'}]

###########################
#      Observados        #
###########################
False

###########################
#      ROBOT_OBS        #
###########################
INICIO ROBOT_OBS

###########################
#      CI y QUERY        #
###########################
5370451 and EXECUTE SP_SELECT_COMPARAR_ASFI_INFOCRED_v2 @CI=5370451, @TIKET1 = 458888, @TIKET2 = 460631

###########################
#      Data1 Comparar    #
###########################
[{'CI': '5370451', 'TIKET': '458888', 'ASFI_PERIODO': 'julio-2023', 'ASFI_DEUDA_SALDO': '0.0', 'ASFI_CANT_DD': '0', 'ASFI_CANT_CAL_DIST': '0', 'INFOCRED_ULT_F_ACT': ' 31/07/2023', 'INFOCRED_SALDO_Y_CONT': '0.0', 'INFOCRED_CANT_ESTADO': '0', 'INFOCRED_CANT_C_REHAB': '0', 'INFOCRED_CANT_D_CC_AFP_SAFIS': '0'}, {'CI': '5370451', 'TIKET': '460631', 'ASFI_PERIODO': 'agosto-2023', 'ASFI_DEUDA_SALDO': '0.0', 'ASFI_CANT_DD': '0', 'ASFI_CANT_CAL_DIST': '0', 'INFOCRED_ULT_F_ACT': ' 31/08/2023', 'INFOCRED_SALDO_Y_CONT': '0.0', 'INFOCRED_CANT_ESTADO': '0', 'INFOCRED_CANT_C_REHAB': '0', 'INFOCRED_CANT_D_CC_AFP_SAFIS': '0'}]

###########################
#      Observados        #
###########################
False

###########################
#  ROBOT unionPDF         #
###########################
INICIO ROBOT unionPDF

#########################################
#  CPT y ticket_ant: 458888--334921 #
#########################################
[{'CI': '5370451', 'TIKET': '458888', 'ASFI_PERIODO': 'julio-2023', 'ASFI_DEUDA_SALDO': '0.0', 'ASFI_CANT_DD': '0', 'ASFI_CANT_CAL_DIST': '0', 'INFOCRED_ULT_F_ACT': ' 31/07/2023', 'INFOCRED_SALDO_Y_CONT': '0.0', 'INFOCRED_CANT_ESTADO': '0', 'INFOCRED_CANT_C_REHAB': '0', 'INFOCRED_CANT_D_CC_AFP_SAFIS': '0'}, {'CI': '5370451', 'TIKET': '460631', 'ASFI_PERIODO': 'agosto-2023', 'ASFI_DEUDA_SALDO': '0.0', 'ASFI_CANT_DD': '0', 'ASFI_CANT_CAL_DIST': '0', 'INFOCRED_ULT_F_ACT': ' 31/08/2023', 'INFOCRED_SALDO_Y_CONT': '0.0', 'INFOCRED_CANT_ESTADO': '0', 'INFOCRED_CANT_C_REHAB': '0', 'INFOCRED_CANT_D_CC_AFP_SAFIS': '0'}]

###########################
#  Datos PDF CON: 458888   #
###########################
[{'CI': '4589822', 'TIPO': 'TITULAR', 'monto_buro': 'NO'}, {'CI': '5370451', 'TIPO': 'PARTICIPANTE', 'monto_buro': 'NO'}]

###########################
#      Para Correo 1      #
###########################
yoretea@bancoecofuturo.com.bo

###########################
#      Para Correo        #
###########################
peguzman@bancoecofuturo.com.bo

###########################
#      Data Plan          #
###########################
[{'PLAN_DE_PAGOS': ''}]

###########################
#      Data D             #
###########################
[{'RES_BUROS': 'ACEPTADO', 'RES_PCCU': 'ACEPTADO', 'NPRESTAMO': '70109963', 'COMPARA_CI': 'ACEPTADO', 'RETENCIONES': 'ACEPTADO'}]


