###########################
#      ROBOT_OBS        #
###########################
INICIO ROBOT_OBS

###########################
#      CI y QUERY        #
###########################
8429986 and EXECUTE SP_SELECT_COMPARAR_ASFI_INFOCRED_v2 @CI=8429986, @TIKET1 = 458179, @TIKET2 = 458799

###########################
#      Data1 Comparar    #
###########################
[{'CI': '8429986', 'TIKET': '458179', 'ASFI_PERIODO': 'julio-2023', 'ASFI_DEUDA_SALDO': '44065.68', 'ASFI_CANT_DD': '1', 'ASFI_CANT_CAL_DIST': '0', 'INFOCRED_ULT_F_ACT': ' 31/07/2023', 'INFOCRED_SALDO_Y_CONT': '44066.0', 'INFOCRED_CANT_ESTADO': '0', 'INFOCRED_CANT_C_REHAB': '0', 'INFOCRED_CANT_D_CC_AFP_SAFIS': '0'}, {'CI': '8429986', 'TIKET': '458799', 'ASFI_PERIODO': 'julio-2023', 'ASFI_DEUDA_SALDO': '44065.68', 'ASFI_CANT_DD': '1', 'ASFI_CANT_CAL_DIST': '0', 'INFOCRED_ULT_F_ACT': ' 31/07/2023', 'INFOCRED_SALDO_Y_CONT': '44066.0', 'INFOCRED_CANT_ESTADO': '0', 'INFOCRED_CANT_C_REHAB': '0', 'INFOCRED_CANT_D_CC_AFP_SAFIS': '0'}]

###########################
#      Observados        #
###########################
False

###########################
#      ROBOT_OBS        #
###########################
INICIO ROBOT_OBS

###########################
#      CI y QUERY        #
###########################
8429989 and EXECUTE SP_SELECT_COMPARAR_ASFI_INFOCRED_v2 @CI=8429989, @TIKET1 = 458179, @TIKET2 = 458799

###########################
#      Data1 Comparar    #
###########################
[{'CI': '8429989', 'TIKET': '458179', 'ASFI_PERIODO': 'julio-2023', 'ASFI_DEUDA_SALDO': '0.0', 'ASFI_CANT_DD': '0', 'ASFI_CANT_CAL_DIST': '0', 'INFOCRED_ULT_F_ACT': '[]', 'INFOCRED_SALDO_Y_CONT': '0.0', 'INFOCRED_CANT_ESTADO': '0', 'INFOCRED_CANT_C_REHAB': '0', 'INFOCRED_CANT_D_CC_AFP_SAFIS': '0'}, {'CI': '8429989', 'TIKET': '458799', 'ASFI_PERIODO': 'julio-2023', 'ASFI_DEUDA_SALDO': '0.0', 'ASFI_CANT_DD': '0', 'ASFI_CANT_CAL_DIST': '0', 'INFOCRED_ULT_F_ACT': '[]', 'INFOCRED_SALDO_Y_CONT': '0.0', 'INFOCRED_CANT_ESTADO': '0', 'INFOCRED_CANT_C_REHAB': '0', 'INFOCRED_CANT_D_CC_AFP_SAFIS': '0'}]

###########################
#      Observados        #
###########################
False

###########################
#      ROBOT_OBS        #
###########################
INICIO ROBOT_OBS

###########################
#      CI y QUERY        #
###########################
9989828 and EXECUTE SP_SELECT_COMPARAR_ASFI_INFOCRED_v2 @CI=9989828, @TIKET1 = 458179, @TIKET2 = 458799

###########################
#      Data1 Comparar    #
###########################
[{'CI': '9989828', 'TIKET': '458179', 'ASFI_PERIODO': 'julio-2023', 'ASFI_DEUDA_SALDO': '0.0', 'ASFI_CANT_DD': '0', 'ASFI_CANT_CAL_DIST': '0', 'INFOCRED_ULT_F_ACT': '[]', 'INFOCRED_SALDO_Y_CONT': '0.0', 'INFOCRED_CANT_ESTADO': '0', 'INFOCRED_CANT_C_REHAB': '0', 'INFOCRED_CANT_D_CC_AFP_SAFIS': '0'}, {'CI': '9989828', 'TIKET': '458799', 'ASFI_PERIODO': 'julio-2023', 'ASFI_DEUDA_SALDO': '0.0', 'ASFI_CANT_DD': '0', 'ASFI_CANT_CAL_DIST': '0', 'INFOCRED_ULT_F_ACT': '[]', 'INFOCRED_SALDO_Y_CONT': '0.0', 'INFOCRED_CANT_ESTADO': '0', 'INFOCRED_CANT_C_REHAB': '0', 'INFOCRED_CANT_D_CC_AFP_SAFIS': '0'}]

###########################
#      Observados        #
###########################
False

###########################
#  ROBOT unionPDF         #
###########################
INICIO ROBOT unionPDF

#########################################
#  CPT y ticket_ant: 458179--334921 #
#########################################
[{'CI': '9989828', 'TIKET': '458179', 'ASFI_PERIODO': 'julio-2023', 'ASFI_DEUDA_SALDO': '0.0', 'ASFI_CANT_DD': '0', 'ASFI_CANT_CAL_DIST': '0', 'INFOCRED_ULT_F_ACT': '[]', 'INFOCRED_SALDO_Y_CONT': '0.0', 'INFOCRED_CANT_ESTADO': '0', 'INFOCRED_CANT_C_REHAB': '0', 'INFOCRED_CANT_D_CC_AFP_SAFIS': '0'}, {'CI': '9989828', 'TIKET': '458799', 'ASFI_PERIODO': 'julio-2023', 'ASFI_DEUDA_SALDO': '0.0', 'ASFI_CANT_DD': '0', 'ASFI_CANT_CAL_DIST': '0', 'INFOCRED_ULT_F_ACT': '[]', 'INFOCRED_SALDO_Y_CONT': '0.0', 'INFOCRED_CANT_ESTADO': '0', 'INFOCRED_CANT_C_REHAB': '0', 'INFOCRED_CANT_D_CC_AFP_SAFIS': '0'}]

###########################
#  Datos PDF CON: 458179   #
###########################
[{'CI': '8429986', 'TIPO': 'PARTICIPANTE', 'monto_buro': 'NO'}, {'CI': '9989828', 'TIPO': 'PARTICIPANTE', 'monto_buro': 'NO'}, {'CI': '8429989', 'TIPO': 'TITULAR', 'monto_buro': 'NO'}]

###########################
#      Para Correo 1      #
###########################
asevillanos@bancoecofuturo.com.bo

###########################
#      Para Correo        #
###########################
kpchavez@bancoecofuturo.com.bo

###########################
#      Data Plan          #
###########################
[{'PLAN_DE_PAGOS': ''}]

###########################
#      Data D             #
###########################
[{'RES_BUROS': 'ACEPTADO', 'RES_PCCU': 'ACEPTADO', 'NPRESTAMO': '2297220', 'COMPARA_CI': 'ACEPTADO', 'RETENCIONES': 'ACEPTADO'}]


