###########################
#      ROBOT_OBS        #
###########################
INICIO ROBOT_OBS

###########################
#      CI y QUERY        #
###########################
1792103 and EXECUTE SP_SELECT_COMPARAR_ASFI_INFOCRED_v2 @CI=1792103, @TIKET1 = 458097, @TIKET2 = 460255

###########################
#      Data1 Comparar    #
###########################
[{'CI': '1792103', 'TIKET': '458097', 'ASFI_PERIODO': 'julio-2023', 'ASFI_DEUDA_SALDO': '0.0', 'ASFI_CANT_DD': '0', 'ASFI_CANT_CAL_DIST': '0', 'INFOCRED_ULT_F_ACT': ' 31/07/2023', 'INFOCRED_SALDO_Y_CONT': '0.0', 'INFOCRED_CANT_ESTADO': '0', 'INFOCRED_CANT_C_REHAB': '0', 'INFOCRED_CANT_D_CC_AFP_SAFIS': '0'}, {'CI': '1792103', 'TIKET': '460255', 'ASFI_PERIODO': 'agosto-2023', 'ASFI_DEUDA_SALDO': '0.0', 'ASFI_CANT_DD': '0', 'ASFI_CANT_CAL_DIST': '0', 'INFOCRED_ULT_F_ACT': ' 31/08/2023', 'INFOCRED_SALDO_Y_CONT': '0.0', 'INFOCRED_CANT_ESTADO': '0', 'INFOCRED_CANT_C_REHAB': '0', 'INFOCRED_CANT_D_CC_AFP_SAFIS': '0'}]

###########################
#      Observados        #
###########################
False

###########################
#      ROBOT_OBS        #
###########################
INICIO ROBOT_OBS

###########################
#      CI y QUERY        #
###########################
1852199 and EXECUTE SP_SELECT_COMPARAR_ASFI_INFOCRED_v2 @CI=1852199, @TIKET1 = 458097, @TIKET2 = 460255

###########################
#      Data1 Comparar    #
###########################
[{'CI': '1852199', 'TIKET': '458097', 'ASFI_PERIODO': 'julio-2023', 'ASFI_DEUDA_SALDO': '0.0', 'ASFI_CANT_DD': '0', 'ASFI_CANT_CAL_DIST': '0', 'INFOCRED_ULT_F_ACT': ' 31/07/2023', 'INFOCRED_SALDO_Y_CONT': '0.0', 'INFOCRED_CANT_ESTADO': '0', 'INFOCRED_CANT_C_REHAB': '0', 'INFOCRED_CANT_D_CC_AFP_SAFIS': '0'}, {'CI': '1852199', 'TIKET': '460255', 'ASFI_PERIODO': 'agosto-2023', 'ASFI_DEUDA_SALDO': '0.0', 'ASFI_CANT_DD': '0', 'ASFI_CANT_CAL_DIST': '0', 'INFOCRED_ULT_F_ACT': ' 31/08/2023', 'INFOCRED_SALDO_Y_CONT': '0.0', 'INFOCRED_CANT_ESTADO': '0', 'INFOCRED_CANT_C_REHAB': '0', 'INFOCRED_CANT_D_CC_AFP_SAFIS': '0'}]

###########################
#      Observados        #
###########################
False

###########################
#  ROBOT unionPDF         #
###########################
INICIO ROBOT unionPDF

#########################################
#  CPT y ticket_ant: 458097--334921 #
#########################################
[{'CI': '1852199', 'TIKET': '458097', 'ASFI_PERIODO': 'julio-2023', 'ASFI_DEUDA_SALDO': '0.0', 'ASFI_CANT_DD': '0', 'ASFI_CANT_CAL_DIST': '0', 'INFOCRED_ULT_F_ACT': ' 31/07/2023', 'INFOCRED_SALDO_Y_CONT': '0.0', 'INFOCRED_CANT_ESTADO': '0', 'INFOCRED_CANT_C_REHAB': '0', 'INFOCRED_CANT_D_CC_AFP_SAFIS': '0'}, {'CI': '1852199', 'TIKET': '460255', 'ASFI_PERIODO': 'agosto-2023', 'ASFI_DEUDA_SALDO': '0.0', 'ASFI_CANT_DD': '0', 'ASFI_CANT_CAL_DIST': '0', 'INFOCRED_ULT_F_ACT': ' 31/08/2023', 'INFOCRED_SALDO_Y_CONT': '0.0', 'INFOCRED_CANT_ESTADO': '0', 'INFOCRED_CANT_C_REHAB': '0', 'INFOCRED_CANT_D_CC_AFP_SAFIS': '0'}]

###########################
#  Datos PDF CON: 458097   #
###########################
[{'CI': '1792103', 'TIPO': 'PARTICIPANTE', 'monto_buro': 'NO'}, {'CI': '1852199', 'TIPO': 'TITULAR', 'monto_buro': 'NO'}]

###########################
#      Para Correo 1      #
###########################
alopez@bancoecofuturo.com.bo

###########################
#      Para Correo        #
###########################
mrocabado@bancoecofuturo.com.bo

###########################
#      Data Plan          #
###########################
[{'PLAN_DE_PAGOS': ''}]

###########################
#      Data D             #
###########################
[{'RES_BUROS': 'ACEPTADO', 'RES_PCCU': 'ACEPTADO', 'NPRESTAMO': '6042309', 'COMPARA_CI': 'None', 'RETENCIONES': 'None'}]


