###########################
#      ROBOT_OBS        #
###########################
INICIO ROBOT_OBS

###########################
#      CI y QUERY        #
###########################
2666065 and EXECUTE SP_SELECT_COMPARAR_ASFI_INFOCRED_v2 @CI=2666065, @TIKET1 = 457922, @TIKET2 = 460263

###########################
#      Data1 Comparar    #
###########################
[{'CI': '2666065', 'TIKET': '457922', 'ASFI_PERIODO': 'julio-2023', 'ASFI_DEUDA_SALDO': '133050.5', 'ASFI_CANT_DD': '2', 'ASFI_CANT_CAL_DIST': '0', 'INFOCRED_ULT_F_ACT': ' 31/07/2023', 'INFOCRED_SALDO_Y_CONT': '133050.0', 'INFOCRED_CANT_ESTADO': '0', 'INFOCRED_CANT_C_REHAB': '0', 'INFOCRED_CANT_D_CC_AFP_SAFIS': '0'}, {'CI': '2666065', 'TIKET': '460263', 'ASFI_PERIODO': 'agosto-2023', 'ASFI_DEUDA_SALDO': '131755.73', 'ASFI_CANT_DD': '2', 'ASFI_CANT_CAL_DIST': '0', 'INFOCRED_ULT_F_ACT': ' 31/08/2023', 'INFOCRED_SALDO_Y_CONT': '131756.0', 'INFOCRED_CANT_ESTADO': '0', 'INFOCRED_CANT_C_REHAB': '0', 'INFOCRED_CANT_D_CC_AFP_SAFIS': '0'}]

###########################
#      Observados        #
###########################
False

###########################
#  ROBOT unionPDF         #
###########################
INICIO ROBOT unionPDF

#########################################
#  CPT y ticket_ant: 457922--334921 #
#########################################
[{'CI': '2666065', 'TIKET': '457922', 'ASFI_PERIODO': 'julio-2023', 'ASFI_DEUDA_SALDO': '133050.5', 'ASFI_CANT_DD': '2', 'ASFI_CANT_CAL_DIST': '0', 'INFOCRED_ULT_F_ACT': ' 31/07/2023', 'INFOCRED_SALDO_Y_CONT': '133050.0', 'INFOCRED_CANT_ESTADO': '0', 'INFOCRED_CANT_C_REHAB': '0', 'INFOCRED_CANT_D_CC_AFP_SAFIS': '0'}, {'CI': '2666065', 'TIKET': '460263', 'ASFI_PERIODO': 'agosto-2023', 'ASFI_DEUDA_SALDO': '131755.73', 'ASFI_CANT_DD': '2', 'ASFI_CANT_CAL_DIST': '0', 'INFOCRED_ULT_F_ACT': ' 31/08/2023', 'INFOCRED_SALDO_Y_CONT': '131756.0', 'INFOCRED_CANT_ESTADO': '0', 'INFOCRED_CANT_C_REHAB': '0', 'INFOCRED_CANT_D_CC_AFP_SAFIS': '0'}]

###########################
#  Datos PDF CON: 457922   #
###########################
[{'CI': '2666065', 'TIPO': 'TITULAR', 'monto_buro': 'NO'}]

###########################
#      Para Correo 1      #
###########################
naro@bancoecofuturo.com.bo

###########################
#      Para Correo        #
###########################
morodriguez@bancoecofuturo.com.bo

###########################
#      Data Plan          #
###########################
[{'PLAN_DE_PAGOS': ''}]

###########################
#      Data D             #
###########################
[{'RES_BUROS': 'ACEPTADO', 'RES_PCCU': 'ACEPTADO', 'NPRESTAMO': '2297212', 'COMPARA_CI': 'None', 'RETENCIONES': 'None'}]


