###########################
#      ROBOT_OBS        #
###########################
INICIO ROBOT_OBS

###########################
#      CI y QUERY        #
###########################
5631098 and EXECUTE SP_SELECT_COMPARAR_ASFI_INFOCRED_v2 @CI=5631098, @TIKET1 = 451049, @TIKET2 = 464885

###########################
#      Data1 Comparar    #
###########################
[{'CI': '5631098', 'TIKET': '451049', 'ASFI_PERIODO': 'mayo-2023', 'ASFI_DEUDA_SALDO': '40000.0', 'ASFI_CANT_DD': '1', 'ASFI_CANT_CAL_DIST': '0', 'INFOCRED_ULT_F_ACT': ' 31/05/2023', 'INFOCRED_SALDO_Y_CONT': '40000.0', 'INFOCRED_CANT_ESTADO': '0', 'INFOCRED_CANT_C_REHAB': '0', 'INFOCRED_CANT_D_CC_AFP_SAFIS': '1'}, {'CI': '5631098', 'TIKET': '464885', 'ASFI_PERIODO': 'agosto-2023', 'ASFI_DEUDA_SALDO': '40000.0', 'ASFI_CANT_DD': '1', 'ASFI_CANT_CAL_DIST': '0', 'INFOCRED_ULT_F_ACT': ' 31/08/2023', 'INFOCRED_SALDO_Y_CONT': '40000.0', 'INFOCRED_CANT_ESTADO': '0', 'INFOCRED_CANT_C_REHAB': '0', 'INFOCRED_CANT_D_CC_AFP_SAFIS': '0'}]

###########################
#      Observados        #
###########################
False

###########################
#  ROBOT unionPDF         #
###########################
INICIO ROBOT unionPDF

#########################################
#  CPT y ticket_ant: 451049--464891 #
#########################################
[{'CI': '5631098', 'TIKET': '451049', 'ASFI_PERIODO': 'mayo-2023', 'ASFI_DEUDA_SALDO': '40000.0', 'ASFI_CANT_DD': '1', 'ASFI_CANT_CAL_DIST': '0', 'INFOCRED_ULT_F_ACT': ' 31/05/2023', 'INFOCRED_SALDO_Y_CONT': '40000.0', 'INFOCRED_CANT_ESTADO': '0', 'INFOCRED_CANT_C_REHAB': '0', 'INFOCRED_CANT_D_CC_AFP_SAFIS': '1'}, {'CI': '5631098', 'TIKET': '464885', 'ASFI_PERIODO': 'agosto-2023', 'ASFI_DEUDA_SALDO': '40000.0', 'ASFI_CANT_DD': '1', 'ASFI_CANT_CAL_DIST': '0', 'INFOCRED_ULT_F_ACT': ' 31/08/2023', 'INFOCRED_SALDO_Y_CONT': '40000.0', 'INFOCRED_CANT_ESTADO': '0', 'INFOCRED_CANT_C_REHAB': '0', 'INFOCRED_CANT_D_CC_AFP_SAFIS': '0'}]

###########################
#  Datos PDF CON: 451049   #
###########################
[{'CI': '5631098', 'TIPO': 'TITULAR', 'monto_buro': 'NO'}]

###########################
#      Para Correo 1      #
###########################
prodas@bancoecofuturo.com.bo

###########################
#      Para Correo        #
###########################
brosado@bancoecofuturo.com.bo

###########################
#      Data Plan          #
###########################
[{'PLAN_DE_PAGOS': 'DwpQUkVTVEFNT1MgICAgICAgICAgICAgICAgICAgICAgICAgICAgICAgICAgICAgICAgICAgQkFO
Q08gUFlNRSBFQ09GVVRVUk8gUy5BLiAgICAgICAgICAgICAgICAgICAgICAgICAgICAgICAgICAg
ICBQQUc6ICAgICAxCjExOjEzOjM2ICAgICAgICAgICAgICAgICAgICAgICAgICAgICAgICAgICAg
ICAgICAgICAgIFBMQU4gREUgUEFHT1MgR0VORVJBTCAgICAgICAgICAgICAgICAgICAgICAgICAg
ICAgICAgICAgICAgIEZFQ0hBOiAxOC8xMC8yMDIzCi0tLS0tLS0tLS0tLS0tLS0tLS0tLS0tLS0t
LS0tLS0tLS0tLS0tLS0tLS0tLS0tLS0tLS0tLS0tLS0tLS0tLS0tLS0tLS0tLS0tLS0tLS0tLS0t
LS0tLS0tLS0tLS0tLS0tLS0tLS0tLS0tLS0tLS0tLS0tLS0tLS0tLS0tLS0tLS0tLQogICAgICAg
ICAgICAgICAgICAgICAgICAgICAgICAgICAgICAgICAgICAgICAgIE5yby5QcmVzdC46IDExMzI2
MDQKICAgICAgICAgICAgICAgICAgICAgICAgICAgICAgICAgICAgICAgICAgICAgICBGZWNoIERl
c2VtOiAxOC8xMC8yMDIzCiAgICAgICAgICAgICAgICAgICAgICAgICAgICAgICAgICAgICAgICAg
ICAgICAgTm8uVHJhbnMuIDogICAgMTA1NzQxMDgKICAgICAgICAgICAgICAgICAgICAgICAgICAg
ICAgICAgICAgICAgICAgICAgICBDbGllbnRlICAgOiBST1NBRE8gQ0hBVkFSUklBIFZEQS4gREUg
VklDVE9SSUEgRE9SQSBNQVJJQQogICAgICAgICAgICAgICAgICAgICAgICAgICAgICAgICAgICAg
ICAgICAgICAgIENhcGl0YWwgICA6IDYwLDAwMC4wMCBCT0xJVklBTk9TCiAgICAgICAgICAgICAg
ICAgICAgICAgICAgICAgICAgICAgICAgICAgICAgICAgUGxhem8gICAgIDogNjAgTUVTKEVTKSAo
MTgwMCBkaWFzKVRFQUM6MTMuNjM5NzggJVRFQSA6MTMuMDMwNTggJQogICAgICAgICAgICAgICAg
ICAgICAgICAgICAgICAgICAgICAgICAgICAgICAgIEdyYWNpYSAgICA6IDAgTUVTKEVTKQogICAg
ICAgICAgICAgICAgICAgICAgICAgICAgICAgICAgICAgICAgICAgICAgIFRhc2EgICAgICA6IDEx
LjQ4MDAwICUKICAgICAgICAgICAgICAgICAgICAgICAgICAgICAgICAgICAgICAgICAgICAgICBQ
LlBhZ28gKEspOiA2IE1FUyhFUykKICAgICAgICAgICAgICAgICAgICAgICAgICAgICAgICAgICAg
ICAgICAgICAgICBQLlBhZ28gKGkpOiA2IE1FUyhFUykKICAgICAgICAgICAgICAgICAgICAgICAg
ICAgICAgICAgICAgICAgICAgICAgICBGLlBhZ28gICAgOiBDVU9UQSBGSUpBCi0tLS0tLS0tLS0t
LS0tLS0tLS0tLS0tLS0tLS0tLS0tLS0tLS0tLS0tLS0tLS0tLS0tLS0tLS0tLS0tLS0tLS0tLS0t
LS0tLS0tLS0tLS0tLS0tLS0tLS0tLS0tLS0tLS0tLS0tLS0tLS0tLS0tLS0tLS0tLS0tLS0tLS0t
LS0tLS0tLS0KIE5vICBEaWEgRmVjaGEgVmN0by4gICAgICBDYXBpdGFsICAgICAgIEludGVyZXMg
ICBJLlByb3JyLiAgICAgICAgQ3VvdGEgICAgICBDYXJnb3MgIEMuUHJvcnIuICAgICAgICAgVG90
YWwgICAgICAgICAgIFNhbGRvCi0tLS0tLS0tLS0tLS0tLS0tLS0tLS0tLS0tLS0tLS0tLS0tLS0t
LS0tLS0tLS0tLS0tLS0tLS0tLS0tLS0tLS0tLS0tLS0tLS0tLS0tLS0tLS0tLS0tLS0tLS0tLS0t
LS0tLS0tLS0tLS0tLS0tLS0tLS0tLS0tLS0tLS0tLS0tLS0tLS0KICAxICBMVU4gMTEvMDMvMjAy
NCAgICAgICAgNSwyMTkuMDYgICAgICAyLDc3NC4zMyAgICAgICAgICAgICAgICA3LDk5My4zOSAg
ICAgIDM0NS41MCAgICAgICAgICAgICAgICA4LDMzOC44OSAgICAgICA1NCw3ODAuOTQKICAyICBN
SUUgMTEvMDkvMjAyNCAgICAgICAgNCw3NzkuMDkgICAgICAzLDIxNC4zMCAgICAgICAgICAgICAg
ICA3LDk5My4zOSAgICAgIDQxNC42MCAgICAgICAgICAgICAgICA4LDQwNy45OSAgICAgICA1MCww
MDEuODUKICAzICBNQVIgMTEvMDMvMjAyNSAgICAgICAgNSwxMDcuMzQgICAgICAyLDg4Ni4wNSAg
ICAgICAgICAgICAgICA3LDk5My4zOSAgICAgIDQxNC42MCAgICAgICAgICAgICAgICA4LDQwNy45
OSAgICAgICA0NCw4OTQuNTEKICA0ICBKVUUgMTEvMDkvMjAyNSAgICAgICAgNSwzNTkuMTggICAg
ICAyLDYzNC4yMSAgICAgICAgICAgICAgICA3LDk5My4zOSAgICAgIDQxNC42MCAgICAgICAgICAg
ICAgICA4LDQwNy45OSAgICAgICAzOSw1MzUuMzMKICA1ICBNSUUgMTEvMDMvMjAyNiAgICAgICAg
NSw3MTEuNDUgICAgICAyLDI4MS45NCAgICAgICAgICAgICAgICA3LDk5My4zOSAgICAgIDQxNC42
MCAgICAgICAgICAgICAgICA4LDQwNy45OSAgICAgICAzMyw4MjMuODgKICA2ICBWSUUgMTEvMDkv
MjAyNiAgICAgICAgNiwwMDguNzYgICAgICAxLDk4NC42MyAgICAgICAgICAgICAgICA3LDk5My4z
OSAgICAgIDQxNC42MCAgICAgICAgICAgICAgICA4LDQwNy45OSAgICAgICAyNyw4MTUuMTIKICA3
ICBKVUUgMTEvMDMvMjAyNyAgICAgICAgNiwzODcuOTMgICAgICAxLDYwNS40NiAgICAgICAgICAg
ICAgICA3LDk5My4zOSAgICAgIDQxNC42MCAgICAgICAgICAgICAgICA4LDQwNy45OSAgICAgICAy
MSw0MjcuMTkKICA4ICBTQUIgMTEvMDkvMjAyNyAgICAgICAgNiw3MzYuMTQgICAgICAxLDI1Ny4y
NSAgICAgICAgICAgICAgICA3LDk5My4zOSAgICAgIDQxNC42MCAgICAgICAgICAgICAgICA4LDQw
Ny45OSAgICAgICAxNCw2OTEuMDUKICA5ICBTQUIgMTEvMDMvMjAyOCAgICAgICAgNywxNDAuNzUg
ICAgICAgIDg1Mi42NCAgICAgICAgICAgICAgICA3LDk5My4zOSAgICAgIDQxNC42MCAgICAgICAg
ICAgICAgICA4LDQwNy45OSAgICAgICAgNyw1NTAuMzAKIDEwICBMVU4gMTEvMDkvMjAyOCAgICAg
ICAgNyw1NTAuMzAgICAgICAgIDQ0My4wMiAgICAgICAgICAgICAgICA3LDk5My4zMiAgICAgIDQx
NC42MCAgICAgICAgICAgICAgICA4LDQwNy45MiAgICAgICAgICAgICAuMDAKLS0tLS0tLS0tLS0t
LS0tLS0tLS0tLS0tLS0tLS0tLS0tLS0tLS0tLS0tLS0tLS0tLS0tLS0tLS0tLS0tLS0tLS0tLS0t
LS0tLS0tLS0tLS0tLS0tLS0tLS0tLS0tLS0tLS0tLS0tLS0tLS0tLS0tLS0tLS0tLS0tLS0tLS0t
LS0tLS0tLQogICAgICAgVG90YWwgLS0tPiAgICAgICAgIDYwLDAwMC4wMCAgICAgMTksOTMzLjgz
ICAgICAgICAgICAgICAgICAgICAgICAgICAgIDQsMDc2LjkwICAgICAgICAgICAgICAgODQsMDEw
LjczICBCcy4gIAotLS0tLS0tLS0tLS0tLS0tLS0tLS0tLS0tLS0tLS0tLS0tLS0tLS0tLS0tLS0t
LS0tLS0tLS0tLS0tLS0tLS0tLS0tLS0tLS0tLS0tLS0tLS0tLS0tLS0tLS0tLS0tLS0tLS0tLS0t
LS0tLS0tLS0tLS0tLS0tLS0tLS0tLS0tLS0tLS0tCiAgU3IuIENsaWVudGUgcGFyYSB0b2RhIGNh
bmNlbGFjaW9uIHBhcmNpYWwgbyB0b3RhbCBleGlqYSBzaWVtcHJlIHVuIHJlY2libyBvIHBhcGVs
ZXRhLCBlbiB0b2RvIGNhc28gZGViaWRhbWVudGUgZmlybWFkbwogIHkgc2VsbGFkby4gICAgICAg
ICAgICAgICAgICAgICAgICAgICAgICAgICAgICAgICAgICAgICAgICAgICAgICAgICAgICAgICAg
ICAgICAgICAgICAgICAgICAgICAgICAgICAgICAgICAgICAgICAgICAgICAKEgoKCgoKCgoKCgoK
CgoKCgoKCgoKCgoKCgoKCgoKCgoKDQo=
'}]

###########################
#      Data D             #
###########################
[{'RES_BUROS': 'ACEPTADO', 'RES_PCCU': 'ACEPTADO', 'NPRESTAMO': '1132604', 'COMPARA_CI': 'ACEPTADO', 'RETENCIONES': 'ACEPTADO'}]


