###########################
#      ROBOT_OBS        #
###########################
INICIO ROBOT_OBS

###########################
#      CI y QUERY        #
###########################
6245350 and EXECUTE SP_SELECT_COMPARAR_ASFI_INFOCRED_v2 @CI=6245350, @TIKET1 = 456632, @TIKET2 = 458710

###########################
#      Data1 Comparar    #
###########################
[{'CI': '6245350', 'TIKET': '456632', 'ASFI_PERIODO': 'julio-2023', 'ASFI_DEUDA_SALDO': '4018.86', 'ASFI_CANT_DD': '1', 'ASFI_CANT_CAL_DIST': '0', 'INFOCRED_ULT_F_ACT': ' 31/07/2023', 'INFOCRED_SALDO_Y_CONT': '4019.0', 'INFOCRED_CANT_ESTADO': '0', 'INFOCRED_CANT_C_REHAB': '0', 'INFOCRED_CANT_D_CC_AFP_SAFIS': '0'}, {'CI': '6245350', 'TIKET': '458710', 'ASFI_PERIODO': 'julio-2023', 'ASFI_DEUDA_SALDO': '4018.86', 'ASFI_CANT_DD': '1', 'ASFI_CANT_CAL_DIST': '0', 'INFOCRED_ULT_F_ACT': ' 31/07/2023', 'INFOCRED_SALDO_Y_CONT': '4019.0', 'INFOCRED_CANT_ESTADO': '0', 'INFOCRED_CANT_C_REHAB': '0', 'INFOCRED_CANT_D_CC_AFP_SAFIS': '0'}]

###########################
#      Observados        #
###########################
False

###########################
#  ROBOT unionPDF         #
###########################
INICIO ROBOT unionPDF

#########################################
#  CPT y ticket_ant: 456632--334921 #
#########################################


###########################
#  Datos PDF CON: 456632   #
###########################
[{'CI': '6245350', 'TIPO': 'TITULAR', 'monto_buro': 'NO'}]

###########################
#      Para Correo 1      #
###########################
jorvaca@bancoecofuturo.com.bo

###########################
#      Para Correo        #
###########################
nsanjines@bancoecofuturo.com.bo

###########################
#      Data Plan          #
###########################
[{'PLAN_DE_PAGOS': ''}]

###########################
#      Data D             #
###########################
[{'RES_BUROS': 'ACEPTADO', 'RES_PCCU': 'ACEPTADO', 'NPRESTAMO': '2297171', 'COMPARA_CI': 'FALLIDO', 'RETENCIONES': 'None'}]


