###########################
#      ROBOT_OBS        #
###########################
INICIO ROBOT_OBS

###########################
#      CI y QUERY        #
###########################
3849866 and EXECUTE SP_SELECT_COMPARAR_ASFI_INFOCRED_v2 @CI=3849866, @TIKET1 = 460887, @TIKET2 = 465128

###########################
#      Data1 Comparar    #
###########################
[{'CI': '3849866', 'TIKET': '460887', 'ASFI_PERIODO': 'agosto-2023', 'ASFI_DEUDA_SALDO': '76225.07', 'ASFI_CANT_DD': '2', 'ASFI_CANT_CAL_DIST': '0', 'INFOCRED_ULT_F_ACT': ' 31/08/2023', 'INFOCRED_SALDO_Y_CONT': '76225.0', 'INFOCRED_CANT_ESTADO': '0', 'INFOCRED_CANT_C_REHAB': '0', 'INFOCRED_CANT_D_CC_AFP_SAFIS': '0'}, {'CI': '3849866', 'TIKET': '465128', 'ASFI_PERIODO': 'agosto-2023', 'ASFI_DEUDA_SALDO': '76225.07', 'ASFI_CANT_DD': '2', 'ASFI_CANT_CAL_DIST': '0', 'INFOCRED_ULT_F_ACT': ' 31/08/2023', 'INFOCRED_SALDO_Y_CONT': '76225.0', 'INFOCRED_CANT_ESTADO': '0', 'INFOCRED_CANT_C_REHAB': '0', 'INFOCRED_CANT_D_CC_AFP_SAFIS': '0'}]

###########################
#      Observados        #
###########################
False

###########################
#      ROBOT_OBS        #
###########################
INICIO ROBOT_OBS

###########################
#      CI y QUERY        #
###########################
7545302 and EXECUTE SP_SELECT_COMPARAR_ASFI_INFOCRED_v2 @CI=7545302, @TIKET1 = 460887, @TIKET2 = 465128

###########################
#      Data1 Comparar    #
###########################
[{'CI': '7545302', 'TIKET': '460887', 'ASFI_PERIODO': 'agosto-2023', 'ASFI_DEUDA_SALDO': '76225.07', 'ASFI_CANT_DD': '2', 'ASFI_CANT_CAL_DIST': '0', 'INFOCRED_ULT_F_ACT': ' 31/08/2023', 'INFOCRED_SALDO_Y_CONT': '76225.0', 'INFOCRED_CANT_ESTADO': '0', 'INFOCRED_CANT_C_REHAB': '0', 'INFOCRED_CANT_D_CC_AFP_SAFIS': '0'}, {'CI': '7545302', 'TIKET': '465128', 'ASFI_PERIODO': 'agosto-2023', 'ASFI_DEUDA_SALDO': '76225.07', 'ASFI_CANT_DD': '2', 'ASFI_CANT_CAL_DIST': '0', 'INFOCRED_ULT_F_ACT': ' 31/08/2023', 'INFOCRED_SALDO_Y_CONT': '76225.0', 'INFOCRED_CANT_ESTADO': '0', 'INFOCRED_CANT_C_REHAB': '0', 'INFOCRED_CANT_D_CC_AFP_SAFIS': '0'}]

###########################
#      Observados        #
###########################
False

###########################
#  ROBOT unionPDF         #
###########################
INICIO ROBOT unionPDF

#########################################
#  CPT y ticket_ant: 460887--334921 #
#########################################
[{'CI': '7545302', 'TIKET': '460887', 'ASFI_PERIODO': 'agosto-2023', 'ASFI_DEUDA_SALDO': '76225.07', 'ASFI_CANT_DD': '2', 'ASFI_CANT_CAL_DIST': '0', 'INFOCRED_ULT_F_ACT': ' 31/08/2023', 'INFOCRED_SALDO_Y_CONT': '76225.0', 'INFOCRED_CANT_ESTADO': '0', 'INFOCRED_CANT_C_REHAB': '0', 'INFOCRED_CANT_D_CC_AFP_SAFIS': '0'}, {'CI': '7545302', 'TIKET': '465128', 'ASFI_PERIODO': 'agosto-2023', 'ASFI_DEUDA_SALDO': '76225.07', 'ASFI_CANT_DD': '2', 'ASFI_CANT_CAL_DIST': '0', 'INFOCRED_ULT_F_ACT': ' 31/08/2023', 'INFOCRED_SALDO_Y_CONT': '76225.0', 'INFOCRED_CANT_ESTADO': '0', 'INFOCRED_CANT_C_REHAB': '0', 'INFOCRED_CANT_D_CC_AFP_SAFIS': '0'}]

###########################
#  Datos PDF CON: 460887   #
###########################
[{'CI': '3849866', 'TIPO': 'TITULAR', 'monto_buro': 'NO'}, {'CI': '7545302', 'TIPO': 'PARTICIPANTE', 'monto_buro': 'NO'}]

###########################
#      Para Correo 1      #
###########################
acaraballo@bancoecofuturo.com.bo

###########################
#      Para Correo        #
###########################
brosado@bancoecofuturo.com.bo

###########################
#      Data Plan          #
###########################
[{'PLAN_DE_PAGOS': 'DwpQUkVTVEFNT1MgICAgICAgICAgICAgICAgICAgICAgICAgICAgICAgICAgICAgICAgICAgQkFO
Q08gUFlNRSBFQ09GVVRVUk8gUy5BLiAgICAgICAgICAgICAgICAgICAgICAgICAgICAgICAgICAg
ICBQQUc6ICAgICAxCjEwOjIwOjIxICAgICAgICAgICAgICAgICAgICAgICAgICAgICAgICAgICAg
ICAgICAgICAgIFBMQU4gREUgUEFHT1MgR0VORVJBTCAgICAgICAgICAgICAgICAgICAgICAgICAg
ICAgICAgICAgICAgIEZFQ0hBOiAxOS8xMC8yMDIzCi0tLS0tLS0tLS0tLS0tLS0tLS0tLS0tLS0t
LS0tLS0tLS0tLS0tLS0tLS0tLS0tLS0tLS0tLS0tLS0tLS0tLS0tLS0tLS0tLS0tLS0tLS0tLS0t
LS0tLS0tLS0tLS0tLS0tLS0tLS0tLS0tLS0tLS0tLS0tLS0tLS0tLS0tLS0tLS0tLQogICAgICAg
ICAgICAgICAgICAgICAgICAgICAgICAgICAgICAgICAgICAgICAgIE5yby5QcmVzdC46IDExMzI2
MDIKICAgICAgICAgICAgICAgICAgICAgICAgICAgICAgICAgICAgICAgICAgICAgICBGZWNoIERl
c2VtOiAxOS8xMC8yMDIzCiAgICAgICAgICAgICAgICAgICAgICAgICAgICAgICAgICAgICAgICAg
ICAgICAgTm8uVHJhbnMuIDogICAgMTA1NzYxNzcKICAgICAgICAgICAgICAgICAgICAgICAgICAg
ICAgICAgICAgICAgICAgICAgICBDbGllbnRlICAgOiBST0pBUyBDQVJCQUxMTyBBUk1BTkRPCiAg
ICAgICAgICAgICAgICAgICAgICAgICAgICAgICAgICAgICAgICAgICAgICAgQ2FwaXRhbCAgIDog
MTIsMDAwLjAwIEJPTElWSUFOT1MKICAgICAgICAgICAgICAgICAgICAgICAgICAgICAgICAgICAg
ICAgICAgICAgICBQbGF6byAgICAgOiAzNiBNRVMoRVMpICgxMDgwIGRpYXMpVEVBQzozNC4wNTc1
MiAlVEVBIDozOC4wNzE5OSAlCiAgICAgICAgICAgICAgICAgICAgICAgICAgICAgICAgICAgICAg
ICAgICAgICAgR3JhY2lhICAgIDogMCBNRVMoRVMpCiAgICAgICAgICAgICAgICAgICAgICAgICAg
ICAgICAgICAgICAgICAgICAgICAgVGFzYSAgICAgIDogMjkuOTgwMDAgJQogICAgICAgICAgICAg
ICAgICAgICAgICAgICAgICAgICAgICAgICAgICAgICAgIFAuUGFnbyAoSyk6IDEgTUVTKEVTKQog
ICAgICAgICAgICAgICAgICAgICAgICAgICAgICAgICAgICAgICAgICAgICAgIFAuUGFnbyAoaSk6
IDEgTUVTKEVTKQogICAgICAgICAgICAgICAgICAgICAgICAgICAgICAgICAgICAgICAgICAgICAg
IEYuUGFnbyAgICA6IENVT1RBIEZJSkEKLS0tLS0tLS0tLS0tLS0tLS0tLS0tLS0tLS0tLS0tLS0t
LS0tLS0tLS0tLS0tLS0tLS0tLS0tLS0tLS0tLS0tLS0tLS0tLS0tLS0tLS0tLS0tLS0tLS0tLS0t
LS0tLS0tLS0tLS0tLS0tLS0tLS0tLS0tLS0tLS0tLS0tLS0tLS0tLS0tLQogTm8gIERpYSBGZWNo
YSBWY3RvLiAgICAgIENhcGl0YWwgICAgICAgSW50ZXJlcyAgIEkuUHJvcnIuICAgICAgICBDdW90
YSAgICAgIENhcmdvcyAgQy5Qcm9yci4gICAgICAgICBUb3RhbCAgICAgICAgICAgU2FsZG8KLS0t
LS0tLS0tLS0tLS0tLS0tLS0tLS0tLS0tLS0tLS0tLS0tLS0tLS0tLS0tLS0tLS0tLS0tLS0tLS0t
LS0tLS0tLS0tLS0tLS0tLS0tLS0tLS0tLS0tLS0tLS0tLS0tLS0tLS0tLS0tLS0tLS0tLS0tLS0t
LS0tLS0tLS0tLS0tLS0tLQogIDEgIExVTiAxMy8xMS8yMDIzICAgICAgICAgIDI1OS43MyAgICAg
ICAgMjQ5LjgzICAgICAgICAgICAgICAgICAgNTA5LjU2ICAgICAgIDI3LjE4ICAgICAgICAgICAg
ICAgICAgNTM2Ljc0ICAgICAgIDExLDc0MC4yNwogIDIgIE1BUiAxMi8xMi8yMDIzICAgICAgICAg
IDIyNi4wMyAgICAgICAgMjgzLjUzICAgICAgICAgICAgICAgICAgNTA5LjU2ICAgICAgIDI3LjE4
ICAgICAgICAgICAgICAgICAgNTM2Ljc0ICAgICAgIDExLDUxNC4yNAogIDMgIFZJRSAxMi8wMS8y
MDI0ICAgICAgICAgIDIxMi4zMSAgICAgICAgMjk3LjI1ICAgICAgICAgICAgICAgICAgNTA5LjU2
ICAgICAgIDI3LjE4ICAgICAgICAgICAgICAgICAgNTM2Ljc0ICAgICAgIDExLDMwMS45MwogIDQg
IE1JRSAxNC8wMi8yMDI0ICAgICAgICAgIDE5OC45NiAgICAgICAgMzEwLjYwICAgICAgICAgICAg
ICAgICAgNTA5LjU2ICAgICAgIDI3LjE4ICAgICAgICAgICAgICAgICAgNTM2Ljc0ICAgICAgIDEx
LDEwMi45NwogIDUgIE1BUiAxMi8wMy8yMDI0ICAgICAgICAgIDI1OS45MSAgICAgICAgMjQ5LjY1
ICAgICAgICAgICAgICAgICAgNTA5LjU2ICAgICAgIDI3LjE4ICAgICAgICAgICAgICAgICAgNTM2
Ljc0ICAgICAgIDEwLDg0My4wNgogIDYgIFZJRSAxMi8wNC8yMDI0ICAgICAgICAgIDIyOS42MyAg
ICAgICAgMjc5LjkzICAgICAgICAgICAgICAgICAgNTA5LjU2ICAgICAgIDI3LjE4ICAgICAgICAg
ICAgICAgICAgNTM2Ljc0ICAgICAgIDEwLDYxMy40MwogIDcgIExVTiAxMy8wNS8yMDI0ICAgICAg
ICAgIDIzNS41NiAgICAgICAgMjc0LjAwICAgICAgICAgICAgICAgICAgNTA5LjU2ICAgICAgIDI3
LjE4ICAgICAgICAgICAgICAgICAgNTM2Ljc0ICAgICAgIDEwLDM3Ny44NwogIDggIE1JRSAxMi8w
Ni8yMDI0ICAgICAgICAgIDI1MC4yOSAgICAgICAgMjU5LjI3ICAgICAgICAgICAgICAgICAgNTA5
LjU2ICAgICAgIDI3LjE4ICAgICAgICAgICAgICAgICAgNTM2Ljc0ICAgICAgIDEwLDEyNy41OAog
IDkgIFZJRSAxMi8wNy8yMDI0ICAgICAgICAgIDI1Ni41NCAgICAgICAgMjUzLjAyICAgICAgICAg
ICAgICAgICAgNTA5LjU2ICAgICAgIDI3LjE4ICAgICAgICAgICAgICAgICAgNTM2Ljc0ICAgICAg
ICA5LDg3MS4wNAogMTAgIExVTiAxMi8wOC8yMDI0ICAgICAgICAgIDI1NC43MyAgICAgICAgMjU0
LjgzICAgICAgICAgICAgICAgICAgNTA5LjU2ICAgICAgIDI3LjE4ICAgICAgICAgICAgICAgICAg
NTM2Ljc0ICAgICAgICA5LDYxNi4zMQogMTEgIEpVRSAxMi8wOS8yMDI0ICAgICAgICAgIDI2MS4z
MCAgICAgICAgMjQ4LjI2ICAgICAgICAgICAgICAgICAgNTA5LjU2ICAgICAgIDI3LjE4ICAgICAg
ICAgICAgICAgICAgNTM2Ljc0ICAgICAgICA5LDM1NS4wMQogMTIgIFNBQiAxMi8xMC8yMDI0ICAg
ICAgICAgIDI3NS44NCAgICAgICAgMjMzLjcyICAgICAgICAgICAgICAgICAgNTA5LjU2ICAgICAg
IDI3LjE4ICAgICAgICAgICAgICAgICAgNTM2Ljc0ICAgICAgICA5LDA3OS4xNwogMTMgIE1BUiAx
Mi8xMS8yMDI0ICAgICAgICAgIDI3NS4xNyAgICAgICAgMjM0LjM5ICAgICAgICAgICAgICAgICAg
NTA5LjU2ICAgICAgIDI3LjE4ICAgICAgICAgICAgICAgICAgNTM2Ljc0ICAgICAgICA4LDgwNC4w
MAogMTQgIEpVRSAxMi8xMi8yMDI0ICAgICAgICAgIDI4OS42MSAgICAgICAgMjE5Ljk1ICAgICAg
ICAgICAgICAgICAgNTA5LjU2ICAgICAgIDI3LjE4ICAgICAgICAgICAgICAgICAgNTM2Ljc0ICAg
ICAgICA4LDUxNC4zOQogMTUgIExVTiAxMy8wMS8yMDI1ICAgICAgICAgIDI4Mi42NiAgICAgICAg
MjI2LjkwICAgICAgICAgICAgICAgICAgNTA5LjU2ICAgICAgIDI3LjE4ICAgICAgICAgICAgICAg
ICAgNTM2Ljc0ICAgICAgICA4LDIzMS43MwogMTYgIE1JRSAxMi8wMi8yMDI1ICAgICAgICAgIDMw
My45MCAgICAgICAgMjA1LjY2ICAgICAgICAgICAgICAgICAgNTA5LjU2ICAgICAgIDI3LjE4ICAg
ICAgICAgICAgICAgICAgNTM2Ljc0ICAgICAgICA3LDkyNy44MwogMTcgIE1JRSAxMi8wMy8yMDI1
ICAgICAgICAgIDMyNC43MCAgICAgICAgMTg0Ljg2ICAgICAgICAgICAgICAgICAgNTA5LjU2ICAg
ICAgIDI3LjE4ICAgICAgICAgICAgICAgICAgNTM2Ljc0ICAgICAgICA3LDYwMy4xMwogMTggIFNB
QiAxMi8wNC8yMDI1ICAgICAgICAgIDMxMy4yOCAgICAgICAgMTk2LjI4ICAgICAgICAgICAgICAg
ICAgNTA5LjU2ICAgICAgIDI3LjE4ICAgICAgICAgICAgICAgICAgNTM2Ljc0ICAgICAgICA3LDI4
OS44NQogMTkgIExVTiAxMi8wNS8yMDI1ICAgICAgICAgIDMyNy40NCAgICAgICAgMTgyLjEyICAg
ICAgICAgICAgICAgICAgNTA5LjU2ICAgICAgIDI3LjE4ICAgICAgICAgICAgICAgICAgNTM2Ljc0
ICAgICAgICA2LDk2Mi40MQogMjAgIEpVRSAxMi8wNi8yMDI1ICAgICAgICAgIDMyOS44MiAgICAg
ICAgMTc5Ljc0ICAgICAgICAgICAgICAgICAgNTA5LjU2ICAgICAgIDI3LjE4ICAgICAgICAgICAg
ICAgICAgNTM2Ljc0ICAgICAgICA2LDYzMi41OQogMjEgIFNBQiAxMi8wNy8yMDI1ICAgICAgICAg
IDM0My44NiAgICAgICAgMTY1LjcwICAgICAgICAgICAgICAgICAgNTA5LjU2ICAgICAgIDI3LjE4
ICAgICAgICAgICAgICAgICAgNTM2Ljc0ICAgICAgICA2LDI4OC43MwogMjIgIE1BUiAxMi8wOC8y
MDI1ICAgICAgICAgIDM0Ny4yMSAgICAgICAgMTYyLjM1ICAgICAgICAgICAgICAgICAgNTA5LjU2
ICAgICAgIDI3LjE4ICAgICAgICAgICAgICAgICAgNTM2Ljc0ICAgICAgICA1LDk0MS41MgogMjMg
IFZJRSAxMi8wOS8yMDI1ICAgICAgICAgIDM1Ni4xNyAgICAgICAgMTUzLjM5ICAgICAgICAgICAg
ICAgICAgNTA5LjU2ICAgICAgIDI3LjE4ICAgICAgICAgICAgICAgICAgNTM2Ljc0ICAgICAgICA1
LDU4NS4zNQogMjQgIExVTiAxMy8xMC8yMDI1ICAgICAgICAgIDM2NS4zNyAgICAgICAgMTQ0LjE5
ICAgICAgICAgICAgICAgICAgNTA5LjU2ICAgICAgIDI3LjE4ICAgICAgICAgICAgICAgICAgNTM2
Ljc0ICAgICAgICA1LDIxOS45OAogMjUgIE1JRSAxMi8xMS8yMDI1ICAgICAgICAgIDM3OS4xNSAg
ICAgICAgMTMwLjQxICAgICAgICAgICAgICAgICAgNTA5LjU2ICAgICAgIDI3LjE4ICAgICAgICAg
ICAgICAgICAgNTM2Ljc0ICAgICAgICA0LDg0MC44MwogMjYgIFZJRSAxMi8xMi8yMDI1ICAgICAg
ICAgIDM4OC42MiAgICAgICAgMTIwLjk0ICAgICAgICAgICAgICAgICAgNTA5LjU2ICAgICAgIDI3
LjE4ICAgICAgICAgICAgICAgICAgNTM2Ljc0ICAgICAgICA0LDQ1Mi4yMQogMjcgIExVTiAxMi8w
MS8yMDI2ICAgICAgICAgIDM5NC42MiAgICAgICAgMTE0Ljk0ICAgICAgICAgICAgICAgICAgNTA5
LjU2ICAgICAgIDI3LjE4ICAgICAgICAgICAgICAgICAgNTM2Ljc0ICAgICAgICA0LDA1Ny41OQog
MjggIEpVRSAxMi8wMi8yMDI2ICAgICAgICAgIDQwNC44MSAgICAgICAgMTA0Ljc1ICAgICAgICAg
ICAgICAgICAgNTA5LjU2ICAgICAgIDI3LjE4ICAgICAgICAgICAgICAgICAgNTM2Ljc0ICAgICAg
ICAzLDY1Mi43OAogMjkgIEpVRSAxMi8wMy8yMDI2ICAgICAgICAgIDQyNC4zOSAgICAgICAgIDg1
LjE3ICAgICAgICAgICAgICAgICAgNTA5LjU2ICAgICAgIDI3LjE4ICAgICAgICAgICAgICAgICAg
NTM2Ljc0ICAgICAgICAzLDIyOC4zOQogMzAgIExVTiAxMy8wNC8yMDI2ICAgICAgICAgIDQyMy41
MyAgICAgICAgIDg2LjAzICAgICAgICAgICAgICAgICAgNTA5LjU2ICAgICAgIDI3LjE4ICAgICAg
ICAgICAgICAgICAgNTM2Ljc0ICAgICAgICAyLDgwNC44NgogMzEgIE1BUiAxMi8wNS8yMDI2ICAg
ICAgICAgIDQ0MS44MiAgICAgICAgIDY3Ljc0ICAgICAgICAgICAgICAgICAgNTA5LjU2ICAgICAg
IDI3LjE4ICAgICAgICAgICAgICAgICAgNTM2Ljc0ICAgICAgICAyLDM2My4wNAogMzIgIFZJRSAx
Mi8wNi8yMDI2ICAgICAgICAgIDQ0OC41NiAgICAgICAgIDYxLjAwICAgICAgICAgICAgICAgICAg
NTA5LjU2ICAgICAgIDI3LjE4ICAgICAgICAgICAgICAgICAgNTM2Ljc0ICAgICAgICAxLDkxNC40
OAogMzMgIExVTiAxMy8wNy8yMDI2ICAgICAgICAgIDQ2MC4xNCAgICAgICAgIDQ5LjQyICAgICAg
ICAgICAgICAgICAgNTA5LjU2ICAgICAgIDI3LjE4ICAgICAgICAgICAgICAgICAgNTM2Ljc0ICAg
ICAgICAxLDQ1NC4zNAogMzQgIE1JRSAxMi8wOC8yMDI2ICAgICAgICAgIDQ3My4yMyAgICAgICAg
IDM2LjMzICAgICAgICAgICAgICAgICAgNTA5LjU2ICAgICAgIDI3LjE4ICAgICAgICAgICAgICAg
ICAgNTM2Ljc0ICAgICAgICAgIDk4MS4xMQogMzUgIFNBQiAxMi8wOS8yMDI2ICAgICAgICAgIDQ4
NC4yMyAgICAgICAgIDI1LjMzICAgICAgICAgICAgICAgICAgNTA5LjU2ICAgICAgIDI3LjE4ICAg
ICAgICAgICAgICAgICAgNTM2Ljc0ICAgICAgICAgIDQ5Ni44OAogMzYgIExVTiAxMi8xMC8yMDI2
ICAgICAgICAgIDQ5Ni44OCAgICAgICAgIDEyLjQxICAgICAgICAgICAgICAgICAgNTA5LjI5ICAg
ICAgIDI3LjE4ICAgICAgICAgICAgICAgICAgNTM2LjQ3ICAgICAgICAgICAgIC4wMAotLS0tLS0t
LS0tLS0tLS0tLS0tLS0tLS0tLS0tLS0tLS0tLS0tLS0tLS0tLS0tLS0tLS0tLS0tLS0tLS0tLS0t
LS0tLS0tLS0tLS0tLS0tLS0tLS0tLS0tLS0tLS0tLS0tLS0tLS0tLS0tLS0tLS0tLS0tLS0tLS0t
LS0tLS0tLS0tLS0tCiAgICAgICBUb3RhbCAtLS0+ICAgICAgICAgMTIsMDAwLjAwICAgICAgNiwz
NDMuODkgICAgICAgICAgICAgICAgICAgICAgICAgICAgICA5NzguNDggICAgICAgICAgICAgICAx
OSwzMjIuMzcgIEJzLiAgCi0tLS0tLS0tLS0tLS0tLS0tLS0tLS0tLS0tLS0tLS0tLS0tLS0tLS0t
LS0tLS0tLS0tLS0tLS0tLS0tLS0tLS0tLS0tLS0tLS0tLS0tLS0tLS0tLS0tLS0tLS0tLS0tLS0t
LS0tLS0tLS0tLS0tLS0tLS0tLS0tLS0tLS0tLS0tLS0tLS0KICBFbCBwbGFuIGRlIHBhZ28gZXMg
cmVmZXJlbmNpYWwsIHVuYSB2ZXogdGVybWluYWRvIGVsIHBlcmlvZG8gZGUgbGEgdGFzYSBmaWph
IGVsIGltcG9ydGUgZGUgbG9zIGludGVyZXNlcyBzZSBtb2RpZmljYW4gCiAgZW4gZnVuY2lvbiBh
IGxhcyB2YXJpYWNpb25lcyBkZSBsYSBUUkUsIHNlZ3VuIGluZGljYSBlbCBjb250cmF0by4gSW5p
Y2lvIGRlIGxhIHRhc2EgdmFyaWFibGU6MTQvMTAvMjAyNCAgICAgICAgICAgICAgIAogIFNyLiBD
bGllbnRlIHBhcmEgdG9kYSBjYW5jZWxhY2lvbiBwYXJjaWFsIG8gdG90YWwgZXhpamEgc2llbXBy
ZSB1biByZWNpYm8gbyBwYXBlbGV0YSwgZW4gdG9kbyBjYXNvIGRlYmlkYW1lbnRlIGZpcm1hZG8K
ICB5IHNlbGxhZG8uICAgICAgICAgICAgICAgICAgICAgICAgICAgICAgICAgICAgICAgICAgICAg
ICAgICAgICAgICAgICAgICAgICAgICAgICAgICAgICAgICAgICAgICAgICAgICAgICAgICAgICAg
ICAgICAgChIKCgoKDQo=
'}]

###########################
#      Data D             #
###########################
[{'RES_BUROS': 'ACEPTADO', 'RES_PCCU': 'ACEPTADO', 'NPRESTAMO': '1132602', 'COMPARA_CI': 'ACEPTADO', 'RETENCIONES': 'ACEPTADO'}]


