###########################
#      ROBOT_OBS        #
###########################
INICIO ROBOT_OBS

###########################
#      CI y QUERY        #
###########################
2116189 and EXECUTE SP_SELECT_COMPARAR_ASFI_INFOCRED_v2 @CI=2116189, @TIKET1 = 456541, @TIKET2 = 458808

###########################
#      Data1 Comparar    #
###########################
[{'CI': '2116189', 'TIKET': '456541', 'ASFI_PERIODO': 'julio-2023', 'ASFI_DEUDA_SALDO': '77184.64', 'ASFI_CANT_DD': '2', 'ASFI_CANT_CAL_DIST': '0', 'INFOCRED_ULT_F_ACT': ' 31/07/2023', 'INFOCRED_SALDO_Y_CONT': '77185.0', 'INFOCRED_CANT_ESTADO': '0', 'INFOCRED_CANT_C_REHAB': '0', 'INFOCRED_CANT_D_CC_AFP_SAFIS': '0'}, {'CI': '2116189', 'TIKET': '458808', 'ASFI_PERIODO': 'julio-2023', 'ASFI_DEUDA_SALDO': '77184.64', 'ASFI_CANT_DD': '2', 'ASFI_CANT_CAL_DIST': '0', 'INFOCRED_ULT_F_ACT': ' 31/07/2023', 'INFOCRED_SALDO_Y_CONT': '77185.0', 'INFOCRED_CANT_ESTADO': '0', 'INFOCRED_CANT_C_REHAB': '0', 'INFOCRED_CANT_D_CC_AFP_SAFIS': '0'}]

###########################
#      Observados        #
###########################
False

###########################
#      ROBOT_OBS        #
###########################
INICIO ROBOT_OBS

###########################
#      CI y QUERY        #
###########################
8207629 and EXECUTE SP_SELECT_COMPARAR_ASFI_INFOCRED_v2 @CI=8207629, @TIKET1 = 456541, @TIKET2 = 458808

###########################
#      Data1 Comparar    #
###########################
[{'CI': '8207629', 'TIKET': '456541', 'ASFI_PERIODO': 'julio-2023', 'ASFI_DEUDA_SALDO': '16496.96', 'ASFI_CANT_DD': '2', 'ASFI_CANT_CAL_DIST': '0', 'INFOCRED_ULT_F_ACT': ' 31/07/2023', 'INFOCRED_SALDO_Y_CONT': '16497.0', 'INFOCRED_CANT_ESTADO': '0', 'INFOCRED_CANT_C_REHAB': '0', 'INFOCRED_CANT_D_CC_AFP_SAFIS': '0'}, {'CI': '8207629', 'TIKET': '458808', 'ASFI_PERIODO': 'julio-2023', 'ASFI_DEUDA_SALDO': '16496.96', 'ASFI_CANT_DD': '2', 'ASFI_CANT_CAL_DIST': '0', 'INFOCRED_ULT_F_ACT': ' 31/07/2023', 'INFOCRED_SALDO_Y_CONT': '16497.0', 'INFOCRED_CANT_ESTADO': '0', 'INFOCRED_CANT_C_REHAB': '0', 'INFOCRED_CANT_D_CC_AFP_SAFIS': '0'}]

###########################
#      Observados        #
###########################
False

###########################
#  ROBOT unionPDF         #
###########################
INICIO ROBOT unionPDF

#########################################
#  CPT y ticket_ant: 456541--334921 #
#########################################
[{'CI': '8207629', 'TIKET': '456541', 'ASFI_PERIODO': 'julio-2023', 'ASFI_DEUDA_SALDO': '16496.96', 'ASFI_CANT_DD': '2', 'ASFI_CANT_CAL_DIST': '0', 'INFOCRED_ULT_F_ACT': ' 31/07/2023', 'INFOCRED_SALDO_Y_CONT': '16497.0', 'INFOCRED_CANT_ESTADO': '0', 'INFOCRED_CANT_C_REHAB': '0', 'INFOCRED_CANT_D_CC_AFP_SAFIS': '0'}, {'CI': '8207629', 'TIKET': '458808', 'ASFI_PERIODO': 'julio-2023', 'ASFI_DEUDA_SALDO': '16496.96', 'ASFI_CANT_DD': '2', 'ASFI_CANT_CAL_DIST': '0', 'INFOCRED_ULT_F_ACT': ' 31/07/2023', 'INFOCRED_SALDO_Y_CONT': '16497.0', 'INFOCRED_CANT_ESTADO': '0', 'INFOCRED_CANT_C_REHAB': '0', 'INFOCRED_CANT_D_CC_AFP_SAFIS': '0'}]

###########################
#  Datos PDF CON: 456541   #
###########################
[{'CI': '2116189', 'TIPO': 'PARTICIPANTE', 'monto_buro': 'NO'}, {'CI': '8207629', 'TIPO': 'TITULAR', 'monto_buro': 'NO'}]

###########################
#      Para Correo 1      #
###########################
schoquemisa@bancoecofuturo.com.bo

###########################
#      Para Correo        #
###########################
kpchavez@bancoecofuturo.com.bo

###########################
#      Data Plan          #
###########################
[{'PLAN_DE_PAGOS': ''}]

###########################
#      Data D             #
###########################
[{'RES_BUROS': 'ACEPTADO', 'RES_PCCU': 'ACEPTADO', 'NPRESTAMO': '2297217', 'COMPARA_CI': 'ACEPTADO', 'RETENCIONES': 'ACEPTADO'}]


